[[0.7102469484869816], [0.6883043430105302], [0.3414918116213228], [0.4274520805680203]]
index
2023-06-02 18:00:00    [0.7102469484869816]
2023-05-28 17:55:00    [0.6883043430105302]
2023-05-28 16:00:00    [0.3414918116213228]
2023-05-27 19:00:00    [0.4274520805680203]
Name: Prediction, dtype: object
Traceback (most recent call last):
  File "/home/orestas41/miniconda3/envs/mlflow-179e34a71618ccb1126551092a7decef1effd393/lib/python3.10/site-packages/pandas/core/ops/array_ops.py", line 163, in _na_arithmetic_op
    result = func(left, right)
  File "/home/orestas41/miniconda3/envs/mlflow-179e34a71618ccb1126551092a7decef1effd393/lib/python3.10/site-packages/pandas/core/computation/expressions.py", line 239, in evaluate
    return _evaluate(op, op_str, a, b)  # type: ignore[misc]
  File "/home/orestas41/miniconda3/envs/mlflow-179e34a71618ccb1126551092a7decef1effd393/lib/python3.10/site-packages/pandas/core/computation/expressions.py", line 69, in _evaluate_standard
    return op(a, b)
TypeError: unsupported operand type(s) for -: 'float' and 'list'
During handling of the above exception, another exception occurred:
Traceback (most recent call last):
  File "/home/orestas41/project-FootballPredict/lithuanian-football-league-predictor/tour_eval_pred/run.py", line 187, in <module>
    go(args)
  File "/home/orestas41/project-FootballPredict/lithuanian-football-league-predictor/tour_eval_pred/run.py", line 106, in go
    df['Model Performance'] = df['Winner'] - df['Prediction']
  File "/home/orestas41/miniconda3/envs/mlflow-179e34a71618ccb1126551092a7decef1effd393/lib/python3.10/site-packages/pandas/core/ops/common.py", line 70, in new_method
    return method(self, other)
  File "/home/orestas41/miniconda3/envs/mlflow-179e34a71618ccb1126551092a7decef1effd393/lib/python3.10/site-packages/pandas/core/arraylike.py", line 108, in __sub__
    return self._arith_method(other, operator.sub)
  File "/home/orestas41/miniconda3/envs/mlflow-179e34a71618ccb1126551092a7decef1effd393/lib/python3.10/site-packages/pandas/core/series.py", line 5639, in _arith_method
    return base.IndexOpsMixin._arith_method(self, other, op)
  File "/home/orestas41/miniconda3/envs/mlflow-179e34a71618ccb1126551092a7decef1effd393/lib/python3.10/site-packages/pandas/core/base.py", line 1295, in _arith_method
    result = ops.arithmetic_op(lvalues, rvalues, op)
  File "/home/orestas41/miniconda3/envs/mlflow-179e34a71618ccb1126551092a7decef1effd393/lib/python3.10/site-packages/pandas/core/ops/array_ops.py", line 222, in arithmetic_op
    res_values = _na_arithmetic_op(left, right, op)
  File "/home/orestas41/miniconda3/envs/mlflow-179e34a71618ccb1126551092a7decef1effd393/lib/python3.10/site-packages/pandas/core/ops/array_ops.py", line 170, in _na_arithmetic_op
    result = _masked_arith_op(left, right, op)
  File "/home/orestas41/miniconda3/envs/mlflow-179e34a71618ccb1126551092a7decef1effd393/lib/python3.10/site-packages/pandas/core/ops/array_ops.py", line 108, in _masked_arith_op
    result[mask] = op(xrav[mask], yrav[mask])
TypeError: unsupported operand type(s) for -: 'float' and 'list'